Splines\BS_ADDON_CreativeStreets\Strassenmarkierungen\BS_StrMarkierung_Asphalt_L.sli
1183944962
-
-
Splines\BS_ADDON_CreativeStreets\Strassenmarkierungen\BS_StrMarkierung_Asphalt_M.sli
1183944975
-
-
Splines\BS_ADDON_CreativeStreets\Strassenmarkierungen\BS_StrMarkierung_Weiss_L.sli
1178305191
-
-
Splines\BS_ADDON_CreativeStreets\Strassenmarkierungen\BS_StrMarkierung_Weiss_M.sli
1178305189
-
-
Splines\BS_ADDON_CreativeStreets\Strassenmarkierungen\BS_StrMarkierung_WeissGepunktet_M.sli
1158060049
-
-
Splines\BS_ADDON_CreativeStreets\Strassenmarkierungen\BS_StrMarkierung_WeissGestreift_M.sli
1158115081
-
-
Splines\BS_ADDON_CreativeStreets\Strassenmarkierungen\BS_StrMarkierung_WeissGestrichelt_M.sli
1158059857
-
-
Splines\Terrain Spline\8mTerrain_Spline.sli
1157915589
-
-
Splines\Terrain Spline\Terrain Spline\4mTerrain_Spline.sli
1079486897
-
-
Splines\Terrain Spline\Terrain-Spline_Innenstadt2\4mTerrain_Spline_Innenstadt2.sli
1157911322
-
-
